2011-11-17 02:59:46 Notice: Notice (1024): Please change the value of 'Security.salt' in app/config/core.php to a salt value specific to your application in [/var/www/cakephp/cake/libs/debugger.php, line 694]
2011-11-17 02:59:46 Notice: Notice (1024): Please change the value of 'Security.cipherSeed' in app/config/core.php to a numeric (digits only) seed value specific to your application in [/var/www/cakephp/cake/libs/debugger.php, line 698]
2011-11-17 03:23:55 Notice: Notice (1024): Please change the value of 'Security.salt' in app/config/core.php to a salt value specific to your application in [/var/www/cakephp/cake/libs/debugger.php, line 694]
2011-11-17 03:23:55 Notice: Notice (1024): Please change the value of 'Security.cipherSeed' in app/config/core.php to a numeric (digits only) seed value specific to your application in [/var/www/cakephp/cake/libs/debugger.php, line 698]
2011-11-17 20:27:10 Notice: Notice (8): Undefined property: Usuario::$TipoUsuario in [/var/www/cakephp/app/controllers/usuarios_controller.php, line 29]
2011-11-17 20:27:33 Notice: Notice (8): Undefined property: Usuario::$TipoUsuario in [/var/www/cakephp/app/controllers/usuarios_controller.php, line 29]
2011-11-17 20:28:22 Notice: Notice (1024): Please change the value of 'Security.salt' in app/config/core.php to a salt value specific to your application in [/var/www/cakephp/cake/libs/debugger.php, line 694]
2011-11-17 20:28:22 Notice: Notice (1024): Please change the value of 'Security.cipherSeed' in app/config/core.php to a numeric (digits only) seed value specific to your application in [/var/www/cakephp/cake/libs/debugger.php, line 698]
2011-11-17 20:31:15 Notice: Notice (8): Undefined property: Usuario::$TipoUsuario in [/var/www/cakephp/app/controllers/usuarios_controller.php, line 29]
2011-11-17 20:55:40 Notice: Notice (8): Undefined property: Usuario::$Carrera in [/var/www/cakephp/app/controllers/usuarios_controller.php, line 30]
2011-11-17 20:56:32 Notice: Notice (8): Undefined variable: max in [/var/www/cakephp/cake/libs/validation.php, line 631]
2011-11-17 21:22:49 Notice: Notice (8): Undefined variable: max in [/var/www/cakephp/cake/libs/validation.php, line 631]
2011-11-17 21:22:49 Notice: Notice (8): Undefined property: Usuario::$TipoUsuario in [/var/www/cakephp/app/controllers/usuarios_controller.php, line 29]
2011-11-17 21:23:11 Notice: Notice (8): Undefined property: Usuario::$TipoUsuario in [/var/www/cakephp/app/controllers/usuarios_controller.php, line 29]
2011-11-17 21:32:59 Notice: Notice (8): Undefined property: Usuario::$TipoUsuario in [/var/www/cakephp/app/controllers/usuarios_controller.php, line 29]
2011-11-18 00:16:27 Notice: Notice (8): Use of undefined constant php - assumed 'php' in [/var/www/cakephp/cake/libs/view/layouts/default.ctp, line 57]
2011-11-18 00:17:16 Notice: Notice (8): Undefined variable: max in [/var/www/cakephp/cake/libs/validation.php, line 631]
2011-11-18 00:21:05 Notice: Notice (8): Undefined variable: max in [/var/www/cakephp/cake/libs/validation.php, line 631]
2011-11-18 00:22:18 Notice: Notice (8): Undefined variable: max in [/var/www/cakephp/cake/libs/validation.php, line 631]
2011-11-18 00:26:47 Notice: Notice (8): Undefined index: TipoUsuarios in [/var/www/cakephp/app/views/usuarios/index.ctp, line 33]
2011-11-18 00:26:47 Notice: Notice (8): Undefined index: Carreras in [/var/www/cakephp/app/views/usuarios/index.ctp, line 36]
2011-11-18 00:32:22 Notice: Notice (8): Undefined index: TipoUsuarios in [/var/www/cakephp/app/views/usuarios/index.ctp, line 33]
2011-11-18 00:32:22 Notice: Notice (8): Undefined index: Carreras in [/var/www/cakephp/app/views/usuarios/index.ctp, line 36]
2011-11-18 00:34:19 Notice: Notice (8): Undefined index: TipoUsuarios in [/var/www/cakephp/app/views/usuarios/view.ctp, line 41]
2011-11-18 00:34:19 Notice: Notice (8): Undefined index: Carreras in [/var/www/cakephp/app/views/usuarios/view.ctp, line 46]
2011-11-18 01:07:15 Notice: Notice (8): Undefined index: TipoUsuarios in [/var/www/cakephp/app/views/usuarios/index.ctp, line 33]
2011-11-18 01:07:15 Notice: Notice (8): Undefined index: Carreras in [/var/www/cakephp/app/views/usuarios/index.ctp, line 36]
2011-11-18 01:12:18 Notice: Notice (8): Undefined index: id in [/var/www/cakephp/app/views/usuarios/index.ctp, line 33]
2011-11-18 01:12:18 Notice: Notice (8): Undefined index: id in [/var/www/cakephp/app/views/usuarios/index.ctp, line 36]
2011-11-18 01:16:00 Notice: Notice (8): Undefined index: id in [/var/www/cakephp/app/views/usuarios/index.ctp, line 33]
2011-11-18 01:16:00 Notice: Notice (8): Undefined index: carreras_id in [/var/www/cakephp/app/views/usuarios/index.ctp, line 36]
2011-11-18 01:17:35 Notice: Notice (8): Undefined index: id in [/var/www/cakephp/app/views/usuarios/index.ctp, line 33]
2011-11-18 01:17:35 Notice: Notice (8): Undefined index: carreras_id in [/var/www/cakephp/app/views/usuarios/index.ctp, line 36]
2011-11-18 01:22:11 Notice: Notice (8): Undefined index: TipoUsuarios in [/var/www/cakephp/app/views/usuarios/index.ctp, line 33]
2011-11-18 01:22:11 Notice: Notice (8): Undefined index: Carreras in [/var/www/cakephp/app/views/usuarios/index.ctp, line 36]
2011-11-18 01:22:32 Notice: Notice (8): Undefined index: id in [/var/www/cakephp/app/views/usuarios/index.ctp, line 33]
2011-11-18 01:22:32 Notice: Notice (8): Undefined index: TipoUsuarios in [/var/www/cakephp/app/views/usuarios/index.ctp, line 33]
2011-11-18 01:22:32 Notice: Notice (8): Undefined index: id in [/var/www/cakephp/app/views/usuarios/index.ctp, line 36]
2011-11-18 01:22:32 Notice: Notice (8): Undefined index: Carreras in [/var/www/cakephp/app/views/usuarios/index.ctp, line 36]
2011-11-18 01:23:11 Notice: Notice (8): Undefined index: id in [/var/www/cakephp/app/views/usuarios/index.ctp, line 33]
2011-11-18 01:23:11 Notice: Notice (8): Undefined index: id in [/var/www/cakephp/app/views/usuarios/index.ctp, line 36]
2011-11-18 01:24:43 Notice: Notice (8): Undefined index: id in [/var/www/cakephp/app/views/usuarios/index.ctp, line 33]
2011-11-18 01:24:43 Notice: Notice (8): Undefined index: id in [/var/www/cakephp/app/views/usuarios/index.ctp, line 36]
2011-11-18 01:24:58 Notice: Notice (8): Undefined index: TipoUsuarios in [/var/www/cakephp/app/views/usuarios/index.ctp, line 33]
2011-11-18 01:24:58 Notice: Notice (8): Undefined index: Carreras in [/var/www/cakephp/app/views/usuarios/index.ctp, line 36]
2011-11-18 01:25:05 Notice: Notice (8): Undefined index: TipoUsuarios in [/var/www/cakephp/app/views/usuarios/index.ctp, line 33]
2011-11-18 01:25:05 Notice: Notice (8): Undefined index: Carreras in [/var/www/cakephp/app/views/usuarios/index.ctp, line 36]
2011-11-18 01:25:32 Notice: Notice (8): Undefined index: TipoUsuarios in [/var/www/cakephp/app/views/usuarios/view.ctp, line 41]
2011-11-18 01:25:32 Notice: Notice (8): Undefined index: Carreras in [/var/www/cakephp/app/views/usuarios/view.ctp, line 46]
2011-11-18 01:27:57 Notice: Notice (8): Undefined variable: data in [/var/www/cakephp/app/controllers/usuarios_controller.php, line 12]
2011-11-18 01:27:57 Notice: Notice (8): Undefined index: TipoUsuarios in [/var/www/cakephp/app/views/usuarios/index.ctp, line 33]
2011-11-18 01:27:57 Notice: Notice (8): Undefined index: Carreras in [/var/www/cakephp/app/views/usuarios/index.ctp, line 36]
2011-11-18 01:32:40 Notice: Notice (8): Undefined variable: data in [/var/www/cakephp/app/views/usuarios/index.ctp, line 3]
2011-11-18 01:32:40 Notice: Notice (8): Undefined index: TipoUsuarios in [/var/www/cakephp/app/views/usuarios/index.ctp, line 34]
2011-11-18 01:32:40 Notice: Notice (8): Undefined index: Carreras in [/var/www/cakephp/app/views/usuarios/index.ctp, line 37]
2011-11-18 01:35:55 Notice: Notice (8): Undefined index: TipoUsuarios in [/var/www/cakephp/app/views/usuarios/index.ctp, line 34]
2011-11-18 01:35:55 Notice: Notice (8): Undefined index: Carreras in [/var/www/cakephp/app/views/usuarios/index.ctp, line 37]
2011-11-18 01:36:45 Notice: Notice (8): Undefined index: TipoUsuarios in [/var/www/cakephp/app/views/usuarios/index.ctp, line 34]
2011-11-18 01:36:45 Notice: Notice (8): Undefined index: Carreras in [/var/www/cakephp/app/views/usuarios/index.ctp, line 37]
2011-11-18 01:36:49 Notice: Notice (8): Undefined index: TipoUsuarios in [/var/www/cakephp/app/views/usuarios/index.ctp, line 34]
2011-11-18 01:36:49 Notice: Notice (8): Undefined index: Carreras in [/var/www/cakephp/app/views/usuarios/index.ctp, line 37]
2011-11-18 01:37:06 Notice: Notice (8): Undefined index: TipoUsuarios in [/var/www/cakephp/app/views/usuarios/index.ctp, line 34]
2011-11-18 01:37:06 Notice: Notice (8): Undefined index: Carreras in [/var/www/cakephp/app/views/usuarios/index.ctp, line 37]
2011-11-18 01:41:40 Notice: Notice (8): Undefined index: TipoUsuarios in [/var/www/cakephp/app/views/usuarios/index.ctp, line 35]
2011-11-18 01:41:40 Notice: Notice (8): Undefined index: Carreras in [/var/www/cakephp/app/views/usuarios/index.ctp, line 38]
2011-11-18 01:43:51 Notice: Notice (8): Undefined index: carrera in [/var/www/cakephp/app/views/usuarios/index.ctp, line 35]
2011-11-18 07:49:57 Notice: Notice (1024): Please change the value of 'Security.salt' in app/config/core.php to a salt value specific to your application in [/var/www/cakephp/cake/libs/debugger.php, line 694]
2011-11-18 07:49:57 Notice: Notice (1024): Please change the value of 'Security.cipherSeed' in app/config/core.php to a numeric (digits only) seed value specific to your application in [/var/www/cakephp/cake/libs/debugger.php, line 698]
2011-11-18 07:56:56 Notice: Notice (8): Undefined property: Sesione::$Usuario in [/var/www/cakephp/app/controllers/sesiones_controller.php, line 29]
2011-11-18 08:37:38 Notice: Notice (8): Undefined property: Sesione::$Usuario in [/var/www/cakephp/app/controllers/sesiones_controller.php, line 50]
2011-11-18 08:41:09 Notice: Notice (8): Undefined property: Sesione::$Usuario in [/var/www/cakephp/app/controllers/sesiones_controller.php, line 9]
2011-11-18 08:41:18 Notice: Notice (8): Undefined property: Sesione::$Usuario in [/var/www/cakephp/app/controllers/sesiones_controller.php, line 9]
2011-11-18 09:02:15 Notice: Notice (8): Undefined index: nombre_completo in [/var/www/cakephp/app/views/sesiones/index.ctp, line 27]
2011-11-18 09:06:47 Notice: Notice (8): Undefined variable: data in [/var/www/cakephp/app/views/usuarios/index.ctp, line 3]
2011-11-19 23:56:27 Notice: Notice (1024): Please change the value of 'Security.salt' in app/config/core.php to a salt value specific to your application in [/var/www/cakephp/cake/libs/debugger.php, line 694]
2011-11-19 23:56:27 Notice: Notice (1024): Please change the value of 'Security.cipherSeed' in app/config/core.php to a numeric (digits only) seed value specific to your application in [/var/www/cakephp/cake/libs/debugger.php, line 698]
2011-11-20 00:01:23 Notice: Notice (8): Undefined index: nombre_completo in [/var/www/cakephp/app/views/sesiones/index.ctp, line 27]
2011-11-20 00:41:20 Notice: Notice (8): Undefined index: nombre_completo in [/var/www/cakephp/app/views/sesiones/index.ctp, line 29]
2011-11-20 00:48:31 Notice: Notice (8): Undefined index: nombre_completo in [/var/www/cakephp/app/views/sesiones/index.ctp, line 29]
2011-11-20 00:53:30 Notice: Notice (8): Undefined index: nombre_completo in [/var/www/cakephp/app/views/sesiones/index.ctp, line 29]
2011-11-20 00:57:31 Notice: Notice (8): Undefined index: nombre_completo in [/var/www/cakephp/app/views/sesiones/index.ctp, line 29]
2011-11-20 15:08:45 Notice: Notice (1024): Please change the value of 'Security.salt' in app/config/core.php to a salt value specific to your application in [/var/www/cakephp/cake/libs/debugger.php, line 694]
2011-11-20 15:08:45 Notice: Notice (1024): Please change the value of 'Security.cipherSeed' in app/config/core.php to a numeric (digits only) seed value specific to your application in [/var/www/cakephp/cake/libs/debugger.php, line 698]
2011-11-20 15:22:56 Notice: Notice (8): Undefined index: Usuarios in [/var/www/cakephp/app/views/sesiones/index.ctp, line 28]
2011-11-20 15:22:56 Notice: Notice (8): Undefined index: Equipos in [/var/www/cakephp/app/views/sesiones/index.ctp, line 31]
2011-11-20 15:34:28 Notice: Notice (8): Undefined index: Usuarios in [/var/www/cakephp/app/views/sesiones/view.ctp, line 26]
2011-11-20 15:34:28 Notice: Notice (8): Undefined index: Equipos in [/var/www/cakephp/app/views/sesiones/view.ctp, line 31]
2011-11-20 18:46:06 Notice: Notice (8): Undefined property: View::$Paginator in [/var/www/cakephp/app/views/usuarios/view.ctp, line 53]
2011-11-20 18:47:47 Notice: Notice (8): Undefined property: View::$Paginator in [/var/www/cakephp/app/views/usuarios/view.ctp, line 53]
2011-11-20 18:47:49 Notice: Notice (8): Undefined property: View::$Paginator in [/var/www/cakephp/app/views/usuarios/view.ctp, line 53]
2011-11-20 18:48:02 Notice: Notice (8): Undefined property: View::$Paginator in [/var/www/cakephp/app/views/usuarios/view.ctp, line 53]
2011-11-20 18:48:03 Notice: Notice (8): Undefined property: View::$Paginator in [/var/www/cakephp/app/views/usuarios/view.ctp, line 53]
2011-11-20 18:50:48 Notice: Notice (8): Undefined index:  in [/var/www/cakephp/app/views/usuarios/view.ctp, line 3]
2011-11-20 18:57:54 Notice: Notice (8): Undefined variable: sesione in [/var/www/cakephp/app/views/usuarios/view.ctp, line 6]
2011-11-20 18:59:34 Notice: Notice (8): Undefined property: View::$Paginator in [/var/www/cakephp/app/views/usuarios/view.ctp, line 58]
2011-11-20 19:01:51 Notice: Notice (8): Undefined index: Sesione in [/var/www/cakephp/app/views/usuarios/view.ctp, line 69]
2011-11-20 19:01:51 Notice: Notice (8): Undefined index: Sesione in [/var/www/cakephp/app/views/usuarios/view.ctp, line 70]
2011-11-20 19:01:51 Notice: Notice (8): Undefined index: Sesione in [/var/www/cakephp/app/views/usuarios/view.ctp, line 71]
2011-11-20 19:01:51 Notice: Notice (8): Undefined index: Usuario in [/var/www/cakephp/app/views/usuarios/view.ctp, line 73]
2011-11-20 19:01:51 Notice: Notice (8): Undefined index: Equipo in [/var/www/cakephp/app/views/usuarios/view.ctp, line 76]
2011-11-20 19:01:51 Notice: Notice (8): Undefined index: Sesione in [/var/www/cakephp/app/views/usuarios/view.ctp, line 79]
2011-11-20 19:01:51 Notice: Notice (8): Undefined index: Sesione in [/var/www/cakephp/app/views/usuarios/view.ctp, line 80]
2011-11-20 19:01:51 Notice: Notice (8): Undefined index: Sesione in [/var/www/cakephp/app/views/usuarios/view.ctp, line 81]
2011-11-20 19:04:24 Notice: Notice (8): Undefined index: fecha_sesion in [/var/www/cakephp/app/views/usuarios/view.ctp, line 69]
2011-11-20 19:04:24 Notice: Notice (8): Undefined index: hora_inicio_sesion in [/var/www/cakephp/app/views/usuarios/view.ctp, line 70]
2011-11-20 19:04:24 Notice: Notice (8): Undefined index: hora_fin_sesion in [/var/www/cakephp/app/views/usuarios/view.ctp, line 71]
2011-11-20 19:04:24 Notice: Notice (8): Undefined index: Usuario in [/var/www/cakephp/app/views/usuarios/view.ctp, line 73]
2011-11-20 19:04:24 Notice: Notice (8): Undefined index: Equipo in [/var/www/cakephp/app/views/usuarios/view.ctp, line 76]
2011-11-20 19:04:24 Notice: Notice (8): Undefined index: id in [/var/www/cakephp/app/views/usuarios/view.ctp, line 68]
2011-11-20 19:05:13 Notice: Notice (8): Undefined index: fecha_sesion in [/var/www/cakephp/app/views/usuarios/view.ctp, line 70]
2011-11-20 19:05:13 Notice: Notice (8): Undefined index: hora_inicio_sesion in [/var/www/cakephp/app/views/usuarios/view.ctp, line 71]
2011-11-20 19:05:13 Notice: Notice (8): Undefined index: hora_fin_sesion in [/var/www/cakephp/app/views/usuarios/view.ctp, line 72]
2011-11-20 19:05:13 Notice: Notice (8): Undefined index: Usuario in [/var/www/cakephp/app/views/usuarios/view.ctp, line 74]
2011-11-20 19:05:13 Notice: Notice (8): Undefined index: Equipo in [/var/www/cakephp/app/views/usuarios/view.ctp, line 77]
2011-11-20 19:05:13 Notice: Notice (8): Undefined index: id in [/var/www/cakephp/app/views/usuarios/view.ctp, line 69]
2011-11-20 19:05:51 Notice: Notice (8): Undefined index: fecha_sesion in [/var/www/cakephp/app/views/usuarios/view.ctp, line 70]
2011-11-20 19:05:51 Notice: Notice (8): Undefined index: hora_inicio_sesion in [/var/www/cakephp/app/views/usuarios/view.ctp, line 71]
2011-11-20 19:05:51 Notice: Notice (8): Undefined index: hora_fin_sesion in [/var/www/cakephp/app/views/usuarios/view.ctp, line 72]
2011-11-20 19:05:51 Notice: Notice (8): Undefined index: Usuario in [/var/www/cakephp/app/views/usuarios/view.ctp, line 74]
2011-11-20 19:05:51 Notice: Notice (8): Undefined index: Equipo in [/var/www/cakephp/app/views/usuarios/view.ctp, line 77]
2011-11-20 19:05:51 Notice: Notice (8): Undefined index: id in [/var/www/cakephp/app/views/usuarios/view.ctp, line 69]
2011-11-20 19:06:32 Notice: Notice (8): Undefined index: Usuario in [/var/www/cakephp/app/views/usuarios/view.ctp, line 74]
2011-11-20 19:06:32 Notice: Notice (8): Undefined index: Equipo in [/var/www/cakephp/app/views/usuarios/view.ctp, line 77]
2011-11-20 19:13:05 Notice: Notice (8): Undefined index: id in [/var/www/cakephp/app/views/sesiones/index.ctp, line 31]
2011-11-20 19:20:58 Notice: Notice (8): Undefined variable: data in [/var/www/cakephp/app/views/usuarios/view.ctp, line 7]
2011-11-20 19:57:09 Notice: Notice (8): Undefined property: Usuario::$Request in [/var/www/cakephp/app/controllers/usuarios_controller.php, line 18]
2011-11-20 19:57:09 Notice: Notice (8): Trying to get property of non-object in [/var/www/cakephp/app/controllers/usuarios_controller.php, line 18]
2011-11-20 19:59:10 Notice: Notice (8): Undefined property: UsuariosController::$Equipo in [/var/www/cakephp/app/controllers/usuarios_controller.php, line 18]
2011-11-20 20:02:26 Notice: Notice (8): Undefined property: UsuariosController::$Usuario in [/var/www/cakephp/app/controllers/usuarios_controller.php, line 21]
2011-11-20 20:16:58 Notice: Notice (8): Undefined index: id in [/var/www/cakephp/app/views/sesiones/view.ctp, line 31]
2011-11-20 20:22:57 Notice: Notice (8): Undefined variable: usuario in [/var/www/cakephp/app/views/usuarios/view.ctp, line 5]
2011-11-20 20:22:57 Notice: Notice (8): Undefined variable: equipos in [/var/www/cakephp/app/views/usuarios/view.ctp, line 6]
2011-11-20 20:22:57 Notice: Notice (8): Undefined variable: usuario in [/var/www/cakephp/app/views/usuarios/view.ctp, line 13]
2011-11-20 20:22:57 Notice: Notice (8): Undefined variable: usuario in [/var/www/cakephp/app/views/usuarios/view.ctp, line 18]
2011-11-20 20:22:57 Notice: Notice (8): Undefined variable: usuario in [/var/www/cakephp/app/views/usuarios/view.ctp, line 23]
2011-11-20 20:22:57 Notice: Notice (8): Undefined variable: usuario in [/var/www/cakephp/app/views/usuarios/view.ctp, line 28]
2011-11-20 20:22:57 Notice: Notice (8): Undefined variable: usuario in [/var/www/cakephp/app/views/usuarios/view.ctp, line 33]
2011-11-20 20:22:57 Notice: Notice (8): Undefined variable: usuario in [/var/www/cakephp/app/views/usuarios/view.ctp, line 38]
2011-11-20 20:22:57 Notice: Notice (8): Undefined variable: usuario in [/var/www/cakephp/app/views/usuarios/view.ctp, line 43]
2011-11-20 20:22:57 Notice: Notice (8): Undefined variable: usuario in [/var/www/cakephp/app/views/usuarios/view.ctp, line 48]
2011-11-20 20:22:57 Notice: Notice (8): Undefined variable: usuario in [/var/www/cakephp/app/views/usuarios/view.ctp, line 53]
2011-11-20 20:22:57 Notice: Notice (8): Undefined variable: usuario in [/var/www/cakephp/app/views/usuarios/view.ctp, line 82]
2011-11-20 20:22:57 Notice: Notice (8): Undefined variable: usuario in [/var/www/cakephp/app/views/usuarios/view.ctp, line 83]
2011-11-20 20:23:52 Notice: Notice (8): Undefined variable: equipos in [/var/www/cakephp/app/views/usuarios/view.ctp, line 6]
2011-11-20 20:28:14 Notice: Notice (8): Undefined variable: equipos in [/var/www/cakephp/app/views/usuarios/view.ctp, line 6]
2011-11-20 20:32:31 Notice: Notice (8): Undefined index: id in [/var/www/cakephp/app/views/usuarios/view.ctp, line 74]
2011-11-20 20:33:42 Notice: Notice (8): Undefined index: id in [/var/www/cakephp/app/views/usuarios/view.ctp, line 74]
2011-11-20 20:35:23 Notice: Notice (8): Undefined variable: equipo in [/var/www/cakephp/app/views/usuarios/view.ctp, line 7]
2011-11-20 20:35:23 Notice: Notice (8): Undefined index: id in [/var/www/cakephp/app/views/usuarios/view.ctp, line 74]
2011-11-20 20:37:26 Notice: Notice (8): Undefined index: id in [/var/www/cakephp/app/views/usuarios/view.ctp, line 75]
2011-11-20 20:39:00 Notice: Notice (8): Undefined index: id in [/var/www/cakephp/app/views/usuarios/view.ctp, line 76]
2011-11-20 20:41:54 Notice: Notice (8): Undefined index: id in [/var/www/cakephp/app/views/usuarios/view.ctp, line 76]
2011-11-20 20:45:59 Notice: Notice (8): Undefined index: id in [/var/www/cakephp/app/views/usuarios/view.ctp, line 76]
2011-11-21 03:12:40 Notice: Notice (8): Undefined index: id in [/var/www/cakephp/app/views/sesiones/view.ctp, line 31]
2011-11-21 03:18:00 Notice: Notice (1024): Please change the value of 'Security.salt' in app/config/core.php to a salt value specific to your application in [/var/www/cakephp/cake/libs/debugger.php, line 694]
2011-11-21 03:18:00 Notice: Notice (1024): Please change the value of 'Security.cipherSeed' in app/config/core.php to a numeric (digits only) seed value specific to your application in [/var/www/cakephp/cake/libs/debugger.php, line 698]
2011-11-21 03:20:27 Notice: Notice (1024): Please change the value of 'Security.salt' in app/config/core.php to a salt value specific to your application in [/var/www/cakephp/cake/libs/debugger.php, line 694]
2011-11-21 03:20:27 Notice: Notice (1024): Please change the value of 'Security.cipherSeed' in app/config/core.php to a numeric (digits only) seed value specific to your application in [/var/www/cakephp/cake/libs/debugger.php, line 698]
2011-11-21 04:20:57 Notice: Notice (8): Undefined index: aula in [/var/www/cakephp/app/views/sesiones/index.ctp, line 29]
2011-11-21 04:24:29 Notice: Notice (8): Undefined index: nombre in [/var/www/cakephp/app/views/sesiones/index.ctp, line 28]
2011-11-21 04:43:39 Notice: Notice (8): Undefined index: before in [/var/www/cakephp/cake/libs/view/helpers/form.php, line 862]
2011-11-21 04:43:39 Notice: Notice (8): Undefined index: between in [/var/www/cakephp/cake/libs/view/helpers/form.php, line 862]
2011-11-21 04:43:39 Notice: Notice (8): Undefined index: after in [/var/www/cakephp/cake/libs/view/helpers/form.php, line 862]
2011-11-21 04:43:39 Notice: Notice (8): Undefined index: format in [/var/www/cakephp/cake/libs/view/helpers/form.php, line 865]
2011-11-21 19:26:40 Notice: Notice (8): Undefined variable: carrera in [/var/www/cakephp/app/controllers/sesiones_controller.php, line 14]
2011-11-21 19:27:03 Notice: Notice (8): Undefined variable: carrera in [/var/www/cakephp/app/controllers/sesiones_controller.php, line 14]
2011-11-21 20:14:24 Notice: Notice (8): Undefined index: carreas_id in [/var/www/cakephp/app/views/sesiones/index.ctp, line 39]
2011-11-21 20:14:24 Notice: Notice (8): Undefined variable: carera in [/var/www/cakephp/app/views/sesiones/index.ctp, line 39]
2011-11-21 20:14:24 Notice: Notice (8): Undefined index: nombre in [/var/www/cakephp/app/views/sesiones/index.ctp, line 40]
2011-11-21 20:14:24 Notice: Notice (8): Undefined index: tipo_usuario_id in [/var/www/cakephp/app/views/sesiones/index.ctp, line 45]
2011-11-21 20:14:50 Notice: Notice (8): Undefined index: carreras_id in [/var/www/cakephp/app/views/sesiones/index.ctp, line 39]
2011-11-21 20:14:50 Notice: Notice (8): Undefined variable: carera in [/var/www/cakephp/app/views/sesiones/index.ctp, line 39]
2011-11-21 20:14:50 Notice: Notice (8): Undefined index: nombre in [/var/www/cakephp/app/views/sesiones/index.ctp, line 40]
2011-11-21 20:14:50 Notice: Notice (8): Undefined index: tipo_usuario_id in [/var/www/cakephp/app/views/sesiones/index.ctp, line 45]
2011-11-21 20:15:50 Notice: Notice (8): Undefined index: carreras_id in [/var/www/cakephp/app/views/sesiones/index.ctp, line 39]
2011-11-21 20:15:50 Notice: Notice (8): Undefined index: tipo_usuario_id in [/var/www/cakephp/app/views/sesiones/index.ctp, line 45]
2011-11-21 20:16:54 Notice: Notice (8): Undefined index: carreras_id in [/var/www/cakephp/app/views/sesiones/index.ctp, line 39]
2011-11-21 20:16:54 Notice: Notice (8): Undefined index: tipo_usuario_id in [/var/www/cakephp/app/views/sesiones/index.ctp, line 45]
2011-11-21 20:18:01 Notice: Notice (8): Undefined index: nombre in [/var/www/cakephp/app/views/sesiones/index.ctp, line 40]
2011-11-21 20:18:01 Notice: Notice (8): Undefined index: tipo_usuario_id in [/var/www/cakephp/app/views/sesiones/index.ctp, line 45]
2011-11-21 20:18:22 Notice: Notice (8): Undefined index: tipo_usuario_id in [/var/www/cakephp/app/views/sesiones/index.ctp, line 45]
2011-11-21 21:04:40 Notice: Notice (8): session_start() [http://php.net/function.session-start]: ps_files_cleanup_dir: opendir(/var/lib/php5) failed: Permission denied (13) in [/var/www/cakephp/cake/libs/cake_session.php, line 587]
2011-11-21 23:25:08 Notice: Notice (8): Use of undefined constant php - assumed 'php' in [/var/www/cakephp/cake/libs/view/layouts/default.ctp, line 46]
2011-11-22 21:31:34 Notice: Notice (8): Array to string conversion in [/var/www/cakephp/cake/libs/controller/controller.php, line 760]
2011-11-22 21:31:34 Notice: Notice (8): Undefined variable: params in [/var/www/cakephp/app/views/reportes/index.ctp, line 2]
2011-11-22 21:41:26 Notice: Notice (8): Array to string conversion in [/var/www/cakephp/cake/libs/controller/controller.php, line 760]
2011-11-22 21:41:26 Notice: Notice (8): Undefined variable: sesiones in [/var/www/cakephp/app/views/reportes/index.ctp, line 2]
2011-11-22 21:41:38 Notice: Notice (8): Array to string conversion in [/var/www/cakephp/cake/libs/controller/controller.php, line 760]
2011-11-22 21:41:38 Notice: Notice (8): Undefined variable: sesiones in [/var/www/cakephp/app/views/reportes/index.ctp, line 2]
2011-11-22 21:42:25 Notice: Notice (8): Undefined variable: sesiones in [/var/www/cakephp/app/views/reportes/index.ctp, line 2]
2011-11-22 21:42:29 Notice: Notice (8): Undefined variable: sesiones in [/var/www/cakephp/app/views/reportes/index.ctp, line 2]
2011-11-22 21:43:09 Notice: Notice (8): Undefined variable: sesiones in [/var/www/cakephp/app/views/reportes/index.ctp, line 2]
2011-11-22 21:43:11 Notice: Notice (8): Undefined variable: sesiones in [/var/www/cakephp/app/views/reportes/index.ctp, line 2]
2011-11-22 21:43:12 Notice: Notice (8): Undefined variable: sesiones in [/var/www/cakephp/app/views/reportes/index.ctp, line 2]
2011-11-22 22:31:20 Notice: Notice (8): Undefined index: Carreras in [/var/www/cakephp/app/views/reportes/index.ctp, line 9]
2011-11-22 22:31:56 Notice: Notice (8): Undefined index: Carrera in [/var/www/cakephp/app/views/reportes/index.ctp, line 9]
2011-11-22 22:32:24 Notice: Notice (8): Undefined index: Carrera in [/var/www/cakephp/app/views/reportes/index.ctp, line 9]
2011-11-22 22:32:42 Notice: Notice (8): Use of undefined constant php - assumed 'php' in [/var/www/cakephp/app/views/reportes/index.ctp, line 3]
2011-11-22 22:32:42 Notice: Notice (8): Use of undefined constant php - assumed 'php' in [/var/www/cakephp/app/views/reportes/index.ctp, line 4]
2011-11-22 22:32:42 Notice: Notice (8): Undefined index: Carrera in [/var/www/cakephp/app/views/reportes/index.ctp, line 9]
2011-11-22 22:40:48 Notice: Notice (8): Undefined index: Carrera in [/var/www/cakephp/app/views/reportes/index.ctp, line 6]
2011-11-22 22:40:48 Notice: Notice (8): Undefined variable: opciones in [/var/www/cakephp/app/views/reportes/index.ctp, line 6]
2011-11-22 22:41:53 Notice: Notice (8): Undefined variable: opciones in [/var/www/cakephp/app/views/reportes/index.ctp, line 12]
2011-11-22 22:42:09 Notice: Notice (8): Undefined variable: opciones in [/var/www/cakephp/app/views/reportes/index.ctp, line 12]
2011-11-22 22:42:49 Notice: Notice (8): Undefined variable: opciones in [/var/www/cakephp/app/views/reportes/index.ctp, line 12]
2011-11-22 22:56:04 Notice: Notice (8): Trying to get property of non-object in [/var/www/cakephp/app/views/reportes/index.ctp, line 6]
2011-11-22 22:56:28 Notice: Notice (8): Trying to get property of non-object in [/var/www/cakephp/app/views/reportes/index.ctp, line 6]
2011-11-22 22:56:49 Notice: Notice (8): Undefined index: Carrera in [/var/www/cakephp/app/views/reportes/index.ctp, line 6]
2011-11-22 23:02:38 Notice: Notice (8): Use of undefined constant i - assumed 'i' in [/var/www/cakephp/app/views/reportes/index.ctp, line 6]
2011-11-22 23:08:06 Notice: Notice (8): Undefined offset: 0 in [/var/www/cakephp/app/views/reportes/index.ctp, line 11]
2011-11-22 23:12:25 Notice: Notice (8): Undefined index: Equipos in [/var/www/cakephp/app/views/reportes/index.ctp, line 7]
2011-11-22 23:59:36 Notice: Notice (8): Undefined variable: carreras in [/var/www/cakephp/app/views/reportes/carrera.ctp, line 3]
2011-11-22 23:59:36 Notice: Notice (8): Undefined variable: opciones_carrera in [/var/www/cakephp/app/views/reportes/carrera.ctp, line 11]
2011-11-23 01:11:54 Notice: Notice (8): Undefined index: Carrera in [/var/www/cakephp/app/views/reportes/carrera.ctp, line 12]
2011-11-23 01:12:05 Notice: Notice (8): Undefined property: View::$Inform치tica in [/var/www/cakephp/app/views/reportes/carrera.ctp, line 12]
2011-11-23 01:18:10 Notice: Notice (8): Undefined property: View::$Inform치tica in [/var/www/cakephp/app/views/reportes/carrera.ctp, line 13]
2011-11-23 01:18:47 Notice: Notice (8): Undefined variable: debug in [/var/www/cakephp/app/views/reportes/carrera.ctp, line 6]
2011-11-23 01:19:12 Notice: Notice (8): Undefined property: View::$Inform치tica in [/var/www/cakephp/app/views/reportes/carrera.ctp, line 15]
2011-11-23 01:20:47 Notice: Notice (8): Undefined property: View::$Inform치tica in [/var/www/cakephp/app/views/reportes/carrera.ctp, line 7]
2011-11-23 01:37:47 Notice: Notice (8): Undefined index: Carreras in [/var/www/cakephp/app/views/reportes/carrera.ctp, line 15]
2011-11-23 01:50:34 Notice: Notice (8): Undefined variable: atributes in [/var/www/cakephp/app/views/reportes/carrera.ctp, line 13]
2011-11-23 02:04:11 Notice: Notice (8): Use of undefined constant Carrera - assumed 'Carrera' in [/var/www/cakephp/app/views/reportes/carrera.ctp, line 10]
2011-11-23 02:04:11 Notice: Notice (8): Use of undefined constant carrera - assumed 'carrera' in [/var/www/cakephp/app/views/reportes/carrera.ctp, line 10]
2011-11-23 02:04:11 Notice: Notice (8): Undefined variable: radioOptions in [/var/www/cakephp/cake/libs/view/helpers/form.php, line 881]
2011-11-23 02:04:21 Notice: Notice (8): Use of undefined constant Carreras - assumed 'Carreras' in [/var/www/cakephp/app/views/reportes/carrera.ctp, line 10]
2011-11-23 02:04:21 Notice: Notice (8): Use of undefined constant carrera - assumed 'carrera' in [/var/www/cakephp/app/views/reportes/carrera.ctp, line 10]
2011-11-23 02:04:21 Notice: Notice (8): Undefined variable: radioOptions in [/var/www/cakephp/cake/libs/view/helpers/form.php, line 881]
2011-11-23 02:30:51 Notice: Notice (8): Undefined variable: carrera in [/var/www/cakephp/app/views/reportes/carrera.ctp, line 3]
2011-11-23 02:31:26 Notice: Notice (8): Undefined index: Carreras in [/var/www/cakephp/app/views/reportes/carrera.ctp, line 4]
2011-11-23 02:45:04 Notice: Notice (8): Undefined index: Carreras in [/var/www/cakephp/app/views/reportes/carrera.ctp, line 4]
2011-11-23 10:09:54 Notice: Notice (8): Undefined variable: options in [/var/www/cakephp/app/views/reportes/carrera.ctp, line 17]
2011-11-23 10:46:55 Notice: Notice (8): Undefined variable: opciones_carrera in [/var/www/cakephp/app/views/reportes/carrera.ctp, line 10]
2011-11-23 10:46:55 Notice: Notice (8): Undefined variable: option in [/var/www/cakephp/app/views/reportes/carrera.ctp, line 16]
2011-11-23 11:12:35 Notice: Notice (8): Undefined variable: valor in [/var/www/cakephp/app/views/reportes/carrera.ctp, line 15]
2011-11-23 12:12:43 Notice: Notice (8): Undefined index: Equipos in [/var/www/cakephp/app/views/reportes/aula.ctp, line 12]
2011-11-23 12:12:59 Notice: Notice (8): Undefined index: Equipo in [/var/www/cakephp/app/views/reportes/aula.ctp, line 12]
2011-11-23 12:13:17 Notice: Notice (8): Undefined index: Equipo in [/var/www/cakephp/app/views/reportes/aula.ctp, line 13]
2011-11-23 12:14:58 Notice: Notice (8): Undefined index: Equipos in [/var/www/cakephp/app/views/reportes/aula.ctp, line 7]
2011-11-23 12:15:19 Notice: Notice (8): Undefined index: Equipos in [/var/www/cakephp/app/views/reportes/aula.ctp, line 8]
2011-11-23 16:16:31 Notice: Notice (8): Undefined property: Usuario::$Usuario in [/var/www/cakephp/app/controllers/reportes_controller.php, line 39]
2011-11-23 16:17:12 Notice: Notice (8): Undefined property: ReportesController::$Usuario in [/var/www/cakephp/app/controllers/reportes_controller.php, line 39]
2011-11-23 16:18:33 Notice: Notice (8): Undefined index: carrera in [/var/www/cakephp/app/controllers/reportes_controller.php, line 40]
2011-11-23 16:18:33 Notice: Notice (8): Undefined variable: sesiones in [/var/www/cakephp/app/controllers/reportes_controller.php, line 44]
2011-11-23 16:18:54 Notice: Notice (8): Undefined index: carrera in [/var/www/cakephp/app/controllers/reportes_controller.php, line 40]
2011-11-23 16:18:54 Notice: Notice (8): Undefined variable: sesiones in [/var/www/cakephp/app/controllers/reportes_controller.php, line 44]
2011-11-23 16:19:22 Notice: Notice (8): Undefined variable: sesiones in [/var/www/cakephp/app/controllers/reportes_controller.php, line 44]
2011-11-23 17:01:17 Notice: Notice (8): Undefined variable: sesiones in [/var/www/cakephp/app/views/reportes/carrera.ctp, line 36]
2011-11-23 17:02:23 Notice: Notice (8): Undefined variable: sesiones in [/var/www/cakephp/app/views/reportes/carrera.ctp, line 36]
2011-11-23 17:02:28 Notice: Notice (8): Undefined variable: sesiones in [/var/www/cakephp/app/views/reportes/carrera.ctp, line 36]
2011-11-23 20:42:52 Notice: Notice (8): Undefined variable: carrera in [/var/www/cakephp/app/controllers/reportes_controller.php, line 16]
2011-11-23 20:43:16 Notice: Notice (8): Undefined index: Equipo in [/var/www/cakephp/app/views/reportes/aula.ctp, line 7]
2011-11-23 20:43:59 Notice: Notice (8): Undefined index: aula in [/var/www/cakephp/app/views/reportes/aula.ctp, line 7]
2011-11-23 20:44:26 Notice: Notice (8): Undefined index: aula in [/var/www/cakephp/app/views/reportes/aula.ctp, line 8]
2011-11-23 20:44:45 Notice: Notice (8): Undefined index: aula in [/var/www/cakephp/app/views/reportes/aula.ctp, line 8]
2011-11-24 00:48:45 Notice: Notice (8): Undefined index: Sesione in [/var/www/cakephp/app/controllers/reportes_controller.php, line 33]
2011-11-25 00:55:08 Notice: Notice (8): Undefined property: Equipo::$Aula in [/var/www/cakephp/app/controllers/equipos_controller.php, line 29]
2011-11-25 00:58:45 Notice: Notice (8): Undefined property: Equipo::$Aula in [/var/www/cakephp/app/controllers/equipos_controller.php, line 29]
2011-11-25 02:35:08 Notice: Notice (8): Undefined variable: aulas in [/var/www/cakephp/app/views/reportes/aula.ctp, line 6]
2011-11-25 02:36:10 Notice: Notice (8): Undefined variable: aulas in [/var/www/cakephp/app/views/reportes/aula.ctp, line 6]
2011-11-25 02:36:14 Notice: Notice (8): Undefined variable: aulas in [/var/www/cakephp/app/views/reportes/aula.ctp, line 6]
2011-11-25 02:36:45 Notice: Notice (8): Undefined variable: valor in [/var/www/cakephp/app/views/reportes/aula.ctp, line 11]
2011-11-25 02:45:29 Notice: Notice (8): Undefined index: aula in [/var/www/cakephp/app/controllers/reportes_controller.php, line 18]
2011-11-25 02:51:09 Notice: Notice (8): Undefined index: aula in [/var/www/cakephp/app/controllers/reportes_controller.php, line 18]
