2011-11-17 20:56:32 Warning: Warning (2): Missing argument 2 for Validation::maxLength(), called in /var/www/cakephp/cake/libs/object.php on line 112 and defined in [/var/www/cakephp/cake/libs/validation.php, line 629]
2011-11-17 21:22:49 Warning: Warning (2): Missing argument 2 for Validation::maxLength(), called in /var/www/cakephp/cake/libs/object.php on line 112 and defined in [/var/www/cakephp/cake/libs/validation.php, line 629]
2011-11-18 00:17:16 Warning: Warning (2): Missing argument 2 for Validation::maxLength(), called in /var/www/cakephp/cake/libs/object.php on line 112 and defined in [/var/www/cakephp/cake/libs/validation.php, line 629]
2011-11-18 00:21:05 Warning: Warning (2): Missing argument 2 for Validation::maxLength(), called in /var/www/cakephp/cake/libs/object.php on line 112 and defined in [/var/www/cakephp/cake/libs/validation.php, line 629]
2011-11-18 00:22:18 Warning: Warning (2): Missing argument 2 for Validation::maxLength(), called in /var/www/cakephp/cake/libs/object.php on line 112 and defined in [/var/www/cakephp/cake/libs/validation.php, line 629]
2011-11-20 00:18:07 Warning: Warning (512): <span style="color:Red;text-align:left"><b>SQL Error:</b> 1064: You have an error in your SQL syntax; check the manual that corresponds to your MySQL server version for the right syntax to use near '>`Usuario`.`nombre`, " ", this->`Usuario`.`apellido_paterno`, " ", `Usuario`.`ap' at line 1</span> in [/var/www/cakephp/cake/libs/model/datasources/dbo_source.php, line 684]
2011-11-20 00:18:07 Warning: Warning (2): Invalid argument supplied for foreach() in [/var/www/cakephp/app/views/sesiones/index.ctp, line 16]
2011-11-20 00:18:47 Warning: Warning (512): <span style="color:Red;text-align:left"><b>SQL Error:</b> 1064: You have an error in your SQL syntax; check the manual that corresponds to your MySQL server version for the right syntax to use near '>`Usuarios`.`nombre`, " ", this->`Usuarios`.`apellido_paterno`, " ", $this->`Usu' at line 1</span> in [/var/www/cakephp/cake/libs/model/datasources/dbo_source.php, line 684]
2011-11-20 00:18:47 Warning: Warning (2): Invalid argument supplied for foreach() in [/var/www/cakephp/app/views/sesiones/index.ctp, line 16]
2011-11-20 00:19:39 Warning: Warning (512): <span style="color:Red;text-align:left"><b>SQL Error:</b> 1054: Unknown column 'Usuario.nombre' in 'field list'</span> in [/var/www/cakephp/cake/libs/model/datasources/dbo_source.php, line 684]
2011-11-20 00:19:39 Warning: Warning (2): Invalid argument supplied for foreach() in [/var/www/cakephp/app/views/sesiones/index.ctp, line 16]
2011-11-20 00:28:05 Warning: Warning (512): <span style="color:Red;text-align:left"><b>SQL Error:</b> 1054: Unknown column 'Array' in 'field list'</span> in [/var/www/cakephp/cake/libs/model/datasources/dbo_source.php, line 684]
2011-11-20 00:28:05 Warning: Warning (2): Invalid argument supplied for foreach() in [/var/www/cakephp/app/views/sesiones/index.ctp, line 16]
2011-11-20 00:38:36 Warning: Warning (512): <span style="color:Red;text-align:left"><b>SQL Error:</b> 1054: Unknown column 'Array' in 'field list'</span> in [/var/www/cakephp/cake/libs/model/datasources/dbo_source.php, line 684]
2011-11-20 00:38:36 Warning: Warning (2): Invalid argument supplied for foreach() in [/var/www/cakephp/app/views/sesiones/index.ctp, line 16]
2011-11-20 15:24:40 Warning: Warning (512): <span style="color:Red;text-align:left"><b>SQL Error:</b> 1054: Unknown column 'Sesione.usuario_id' in 'field list'</span> in [/var/www/cakephp/cake/libs/model/datasources/dbo_source.php, line 684]
2011-11-20 15:24:40 Warning: Warning (2): Invalid argument supplied for foreach() in [/var/www/cakephp/cake/libs/model/datasources/dbo_source.php, line 1104]
2011-11-20 15:25:58 Warning: Warning (512): <span style="color:Red;text-align:left"><b>SQL Error:</b> 1054: Unknown column 'Sesione.usuario_id' in 'field list'</span> in [/var/www/cakephp/cake/libs/model/datasources/dbo_source.php, line 684]
2011-11-20 15:25:58 Warning: Warning (2): Invalid argument supplied for foreach() in [/var/www/cakephp/cake/libs/model/datasources/dbo_source.php, line 1104]
2011-11-20 15:26:10 Warning: Warning (512): <span style="color:Red;text-align:left"><b>SQL Error:</b> 1054: Unknown column 'Sesione.usuario_id' in 'field list'</span> in [/var/www/cakephp/cake/libs/model/datasources/dbo_source.php, line 684]
2011-11-20 15:26:10 Warning: Warning (2): Invalid argument supplied for foreach() in [/var/www/cakephp/cake/libs/model/datasources/dbo_source.php, line 1104]
2011-11-20 15:27:30 Warning: Warning (512): <span style="color:Red;text-align:left"><b>SQL Error:</b> 1054: Unknown column 'Sesione.usuario_id' in 'field list'</span> in [/var/www/cakephp/cake/libs/model/datasources/dbo_source.php, line 684]
2011-11-20 15:27:30 Warning: Warning (2): Invalid argument supplied for foreach() in [/var/www/cakephp/cake/libs/model/datasources/dbo_source.php, line 1104]
2011-11-20 15:28:15 Warning: Warning (512): <span style="color:Red;text-align:left"><b>SQL Error:</b> 1054: Unknown column 'Sesione.usuario_id' in 'field list'</span> in [/var/www/cakephp/cake/libs/model/datasources/dbo_source.php, line 684]
2011-11-20 15:28:15 Warning: Warning (2): Invalid argument supplied for foreach() in [/var/www/cakephp/cake/libs/model/datasources/dbo_source.php, line 1104]
2011-11-20 15:32:51 Warning: Warning (512): <span style="color:Red;text-align:left"><b>SQL Error:</b> 1054: Unknown column 'Sesione.usuario_id' in 'field list'</span> in [/var/www/cakephp/cake/libs/model/datasources/dbo_source.php, line 684]
2011-11-20 15:32:51 Warning: Warning (2): Invalid argument supplied for foreach() in [/var/www/cakephp/cake/libs/model/datasources/dbo_source.php, line 1104]
2011-11-20 15:33:57 Warning: Warning (512): <span style="color:Red;text-align:left"><b>SQL Error:</b> 1054: Unknown column 'Sesione.usuario_id' in 'field list'</span> in [/var/www/cakephp/cake/libs/model/datasources/dbo_source.php, line 684]
2011-11-20 15:33:57 Warning: Warning (2): Invalid argument supplied for foreach() in [/var/www/cakephp/cake/libs/model/datasources/dbo_source.php, line 1104]
2011-11-20 15:59:47 Warning: Warning (512): <span style="color:Red;text-align:left"><b>SQL Error:</b> 1054: Unknown column 'Sesione.usuario_id' in 'field list'</span> in [/var/www/cakephp/cake/libs/model/datasources/dbo_source.php, line 684]
2011-11-20 15:59:47 Warning: Warning (2): Invalid argument supplied for foreach() in [/var/www/cakephp/cake/libs/model/datasources/dbo_source.php, line 1104]
2011-11-20 16:00:12 Warning: Warning (512): <span style="color:Red;text-align:left"><b>SQL Error:</b> 1054: Unknown column 'Sesiones.usuario_id' in 'field list'</span> in [/var/www/cakephp/cake/libs/model/datasources/dbo_source.php, line 684]
2011-11-20 16:00:12 Warning: Warning (2): Invalid argument supplied for foreach() in [/var/www/cakephp/cake/libs/model/datasources/dbo_source.php, line 1104]
2011-11-20 16:01:16 Warning: Warning (512): <span style="color:Red;text-align:left"><b>SQL Error:</b> 1054: Unknown column 'Sesione.usuario_id' in 'field list'</span> in [/var/www/cakephp/cake/libs/model/datasources/dbo_source.php, line 684]
2011-11-20 16:01:16 Warning: Warning (2): Invalid argument supplied for foreach() in [/var/www/cakephp/cake/libs/model/datasources/dbo_source.php, line 1104]
2011-11-20 16:09:06 Warning: Warning (512): <span style="color:Red;text-align:left"><b>SQL Error:</b> 1054: Unknown column 'Sesione.usuario_id' in 'field list'</span> in [/var/www/cakephp/cake/libs/model/datasources/dbo_source.php, line 684]
2011-11-20 16:09:06 Warning: Warning (2): Invalid argument supplied for foreach() in [/var/www/cakephp/cake/libs/model/datasources/dbo_source.php, line 1104]
2011-11-20 16:12:06 Warning: Warning (512): <span style="color:Red;text-align:left"><b>SQL Error:</b> 1054: Unknown column 'Sesione.usuario_id' in 'field list'</span> in [/var/www/cakephp/cake/libs/model/datasources/dbo_source.php, line 684]
2011-11-20 16:12:06 Warning: Warning (2): Invalid argument supplied for foreach() in [/var/www/cakephp/cake/libs/model/datasources/dbo_source.php, line 1104]
2011-11-20 20:22:57 Warning: Warning (2): Invalid argument supplied for foreach() in [/var/www/cakephp/app/views/usuarios/view.ctp, line 62]
2011-11-21 04:43:39 Warning: Warning (2): array_merge() [http://php.net/function.array-merge]: Argument #3 is not an array in [/var/www/cakephp/cake/libs/view/helpers/form.php, line 723]
2011-11-21 17:56:33 Warning: Warning (2): _() expects exactly 1 parameter, 2 given in [/var/www/cakephp/app/controllers/usuarios_controller.php, line 77]
2011-11-21 19:14:26 Warning: Warning (512): <span style="color:Red;text-align:left"><b>SQL Error:</b> 1054: Unknown column 'TipoUsuario.tipo_usuarios_id' in 'on clause'</span> in [/var/www/cakephp/cake/libs/model/datasources/dbo_source.php, line 684]
2011-11-21 19:14:26 Warning: Warning (2): Invalid argument supplied for foreach() in [/var/www/cakephp/app/views/usuarios/index.ctp, line 17]
2011-11-21 19:19:00 Warning: Warning (512): <span style="color:Red;text-align:left"><b>SQL Error:</b> 1054: Unknown column 'TipoUsuario.tipo_usuarios_id' in 'on clause'</span> in [/var/www/cakephp/cake/libs/model/datasources/dbo_source.php, line 684]
2011-11-21 19:19:00 Warning: Warning (2): Invalid argument supplied for foreach() in [/var/www/cakephp/app/views/usuarios/index.ctp, line 17]
2011-11-22 22:40:48 Warning: Warning (2): Invalid argument supplied for foreach() in [/var/www/cakephp/cake/libs/view/helpers/form.php, line 1095]
2011-11-22 22:41:54 Warning: Warning (2): Invalid argument supplied for foreach() in [/var/www/cakephp/cake/libs/view/helpers/form.php, line 1095]
2011-11-22 22:42:09 Warning: Warning (2): Invalid argument supplied for foreach() in [/var/www/cakephp/cake/libs/view/helpers/form.php, line 1095]
2011-11-22 22:42:49 Warning: Warning (2): Invalid argument supplied for foreach() in [/var/www/cakephp/cake/libs/view/helpers/form.php, line 1095]
2011-11-22 22:57:35 Warning: Warning (2): Invalid argument supplied for foreach() in [/var/www/cakephp/cake/libs/view/helpers/form.php, line 1095]
2011-11-22 23:10:20 Warning: Warning (2): Invalid argument supplied for foreach() in [/var/www/cakephp/cake/libs/view/helpers/form.php, line 1095]
2011-11-22 23:59:36 Warning: Warning (2): Invalid argument supplied for foreach() in [/var/www/cakephp/app/views/reportes/carrera.ctp, line 3]
2011-11-22 23:59:36 Warning: Warning (2): Invalid argument supplied for foreach() in [/var/www/cakephp/cake/libs/view/helpers/form.php, line 1095]
2011-11-23 01:37:47 Warning: Warning (2): Invalid argument supplied for foreach() in [/var/www/cakephp/cake/libs/view/helpers/form.php, line 1095]
2011-11-23 01:57:18 Warning: Warning (2): explode() expects parameter 2 to be string, array given in [/var/www/cakephp/cake/libs/view/helper.php, line 415]
2011-11-23 01:57:18 Warning: Warning (2): array_values() expects parameter 1 to be array, boolean given in [/var/www/cakephp/cake/libs/view/helper.php, line 415]
2011-11-23 01:57:18 Warning: Warning (2): explode() expects parameter 2 to be string, array given in [/var/www/cakephp/cake/libs/view/view.php, line 636]
2011-11-23 01:57:18 Warning: Warning (2): array_shift() expects parameter 1 to be array, boolean given in [/var/www/cakephp/cake/libs/view/helper.php, line 616]
2011-11-23 01:57:18 Warning: Warning (2): array_map() [http://php.net/function.array-map]: Argument #2 should be an array in [/var/www/cakephp/cake/libs/view/helper.php, line 617]
2011-11-23 01:57:18 Warning: Warning (2): join() [http://php.net/function.join]: Invalid arguments passed in [/var/www/cakephp/cake/libs/view/helper.php, line 617]
2011-11-23 01:57:18 Warning: Warning (2): strpos() expects parameter 1 to be string, array given in [/var/www/cakephp/cake/libs/view/helpers/form.php, line 554]
2011-11-23 01:57:18 Warning: Warning (2): explode() expects parameter 2 to be string, array given in [/var/www/cakephp/cake/libs/view/helpers/form.php, line 555]
2011-11-23 01:57:18 Warning: Warning (2): array_pop() expects parameter 1 to be array, null given in [/var/www/cakephp/cake/libs/view/helpers/form.php, line 555]
2011-11-23 01:57:18 Warning: Warning (2): implode() [http://php.net/function.implode]: Invalid arguments passed in [/var/www/cakephp/cake/libs/view/helper.php, line 662]
2011-11-23 02:04:11 Warning: Warning (2): Invalid argument supplied for foreach() in [/var/www/cakephp/cake/libs/view/helpers/form.php, line 1095]
2011-11-23 02:04:21 Warning: Warning (2): Invalid argument supplied for foreach() in [/var/www/cakephp/cake/libs/view/helpers/form.php, line 1095]
2011-11-23 02:30:51 Warning: Warning (2): Invalid argument supplied for foreach() in [/var/www/cakephp/cake/libs/view/helpers/form.php, line 1095]
2011-11-23 02:31:26 Warning: Warning (2): Invalid argument supplied for foreach() in [/var/www/cakephp/cake/libs/view/helpers/form.php, line 1095]
2011-11-23 02:45:04 Warning: Warning (2): Invalid argument supplied for foreach() in [/var/www/cakephp/cake/libs/view/helpers/form.php, line 1095]
2011-11-23 02:47:04 Warning: Warning (2): Invalid argument supplied for foreach() in [/var/www/cakephp/cake/libs/view/helpers/form.php, line 1095]
2011-11-23 02:48:31 Warning: Warning (2): Invalid argument supplied for foreach() in [/var/www/cakephp/cake/libs/view/helpers/form.php, line 1095]
2011-11-23 03:06:51 Warning: Warning (512): Method HtmlHelper::radio does not exist in [/var/www/cakephp/cake/libs/view/helper.php, line 154]
2011-11-23 10:09:54 Warning: Warning (2): Invalid argument supplied for foreach() in [/var/www/cakephp/cake/libs/view/helpers/form.php, line 1095]
2011-11-23 16:18:33 Warning: Warning (512): <span style="color:Red;text-align:left"><b>SQL Error:</b> 1054: Unknown column 'Usuario.carreas_id' in 'field list'</span> in [/var/www/cakephp/cake/libs/model/datasources/dbo_source.php, line 684]
2011-11-23 17:01:17 Warning: Warning (2): Invalid argument supplied for foreach() in [/var/www/cakephp/app/views/reportes/carrera.ctp, line 36]
2011-11-23 17:02:23 Warning: Warning (2): Invalid argument supplied for foreach() in [/var/www/cakephp/app/views/reportes/carrera.ctp, line 36]
2011-11-23 17:02:28 Warning: Warning (2): Invalid argument supplied for foreach() in [/var/www/cakephp/app/views/reportes/carrera.ctp, line 36]
2011-11-23 18:06:14 Warning: Warning (2): Invalid argument supplied for foreach() in [/var/www/cakephp/app/views/reportes/carrera.ctp, line 36]
2011-11-23 18:07:40 Warning: Warning (2): Invalid argument supplied for foreach() in [/var/www/cakephp/app/views/reportes/carrera.ctp, line 36]
2011-11-23 20:49:59 Warning: Warning (512): <span style="color:Red;text-align:left"><b>SQL Error:</b> 1054: Unknown column 'Equipo.id' in 'field list'</span> in [/var/www/cakephp/cake/libs/model/datasources/dbo_source.php, line 684]
2011-11-23 20:51:09 Warning: Warning (512): <span style="color:Red;text-align:left"><b>SQL Error:</b> 1054: Unknown column 'Equipo.id' in 'field list'</span> in [/var/www/cakephp/cake/libs/model/datasources/dbo_source.php, line 684]
2011-11-23 21:02:33 Warning: Warning (512): <span style="color:Red;text-align:left"><b>SQL Error:</b> 1054: Unknown column 'Equipo.id' in 'field list'</span> in [/var/www/cakephp/cake/libs/model/datasources/dbo_source.php, line 684]
